<?xml version="1.0" encoding="UTF-8"?>
<!-- Generated by org.testng.reporters.JUnitReportReporter -->
<testsuite skipped="0" hostname="Cognits-1" name="Frenzy_Web.Katok" tests="20" failures="1" timestamp="04 oct 2017 17:34:07 GMT" time="82.132" errors="0">
  <testcase name="OpenBrowser" time="3.816" classname="Frenzy_Web.Katok"/>
  <testcase name="Test_SignUp" time="9.037" classname="Frenzy_Web.Katok"/>
  <testcase name="LoginUser" time="3.573" classname="Frenzy_Web.Katok"/>
  <testcase name="NavbarTest" time="35.575" classname="Frenzy_Web.Katok">
    <failure type="java.lang.AssertionError" message="Method Failed in Navbar Expected condition failed: waiting for visibility of element located by By.xpath: (//DIV[@class=&#039;boxPoints&#039;])[1] (tried for 30 second(s) with 500 MILLISECONDS interval)">
      <![CDATA[java.lang.AssertionError: Method Failed in Navbar Expected condition failed: waiting for visibility of element located by By.xpath: (//DIV[@class='boxPoints'])[1] (tried for 30 second(s) with 500 MILLISECONDS interval)
	at org.testng.Assert.fail(Assert.java:93)
	at Frenzy_Web.Navbar.NavbarTest(Navbar.java:39)
	at sun.reflect.NativeMethodAccessorImpl.invoke0(Native Method)
	at sun.reflect.NativeMethodAccessorImpl.invoke(NativeMethodAccessorImpl.java:62)
	at sun.reflect.DelegatingMethodAccessorImpl.invoke(DelegatingMethodAccessorImpl.java:43)
	at java.lang.reflect.Method.invoke(Method.java:498)
	at org.testng.internal.MethodInvocationHelper.invokeMethod(MethodInvocationHelper.java:108)
	at org.testng.internal.Invoker.invokeMethod(Invoker.java:669)
	at org.testng.internal.Invoker.invokeTestMethod(Invoker.java:877)
	at org.testng.internal.Invoker.invokeTestMethods(Invoker.java:1201)
	at org.testng.internal.TestMethodWorker.invokeTestMethods(TestMethodWorker.java:125)
	at org.testng.internal.TestMethodWorker.run(TestMethodWorker.java:109)
	at org.testng.TestRunner.privateRun(TestRunner.java:776)
	at org.testng.TestRunner.run(TestRunner.java:634)
	at org.testng.SuiteRunner.runTest(SuiteRunner.java:425)
	at org.testng.SuiteRunner.runSequentially(SuiteRunner.java:420)
	at org.testng.SuiteRunner.privateRun(SuiteRunner.java:385)
	at org.testng.SuiteRunner.run(SuiteRunner.java:334)
	at org.testng.SuiteRunnerWorker.runSuite(SuiteRunnerWorker.java:52)
	at org.testng.SuiteRunnerWorker.run(SuiteRunnerWorker.java:86)
	at org.testng.TestNG.runSuitesSequentially(TestNG.java:1318)
	at org.testng.TestNG.runSuitesLocally(TestNG.java:1243)
	at org.testng.TestNG.runSuites(TestNG.java:1161)
	at org.testng.TestNG.run(TestNG.java:1129)
	at org.testng.remote.AbstractRemoteTestNG.run(AbstractRemoteTestNG.java:114)
	at org.testng.remote.RemoteTestNG.initAndRun(RemoteTestNG.java:251)
	at org.testng.remote.RemoteTestNG.main(RemoteTestNG.java:77)
]]>
    </failure>
  </testcase> <!-- NavbarTest -->
  <testcase name="buttonsHome" time="22.126" classname="Frenzy_Web.Katok"/>
  <testcase name="Test_Supermercado" time="0.749" classname="Frenzy_Web.Katok"/>
  <testcase name="Test_Restaurantes" time="0.162" classname="Frenzy_Web.Katok"/>
  <testcase name="Test_Puerto_15" time="1.071" classname="Frenzy_Web.Katok"/>
  <testcase name="Don_Taco_Fieston" time="0.492" classname="Frenzy_Web.Katok"/>
  <testcase name="ChilisTest" time="0.500" classname="Frenzy_Web.Katok"/>
  <testcase name="juicebox_Test" time="0.507" classname="Frenzy_Web.Katok"/>
  <testcase name="TreFratelli_Test" time="0.522" classname="Frenzy_Web.Katok"/>
  <testcase name="SushiArt_Test" time="0.469" classname="Frenzy_Web.Katok"/>
  <testcase name="Cinnabon_Test" time="0.517" classname="Frenzy_Web.Katok"/>
  <testcase name="Lizarran_Test" time="0.498" classname="Frenzy_Web.Katok"/>
  <testcase name="f" time="0.499" classname="Frenzy_Web.Katok"/>
  <testcase name="Patatafrites_Test" time="0.502" classname="Frenzy_Web.Katok"/>
  <testcase name="MrSushi_Test" time="0.500" classname="Frenzy_Web.Katok"/>
  <testcase name="Astoria_Test" time="0.500" classname="Frenzy_Web.Katok"/>
  <testcase name="Katok_Test" time="0.517" classname="Frenzy_Web.Katok"/>
</testsuite> <!-- Frenzy_Web.Katok -->
