<?xml version="1.0" encoding="UTF-8"?>
<!-- Generated by org.testng.reporters.JUnitReportReporter -->
<testsuite skipped="0" hostname="Cognits-1" name="Frenzy_Web.Premios" tests="9" failures="0" timestamp="04 oct 2017 18:41:05 GMT" time="137.205" errors="0">
  <testcase name="OpenBrowser" time="5.773" classname="Frenzy_Web.Premios"/>
  <testcase name="Test_SignUp" time="10.090" classname="Frenzy_Web.Premios"/>
  <testcase name="LoginUser" time="3.217" classname="Frenzy_Web.Premios"/>
  <testcase name="NavbarTest" time="5.730" classname="Frenzy_Web.Premios"/>
  <testcase name="buttonsHome" time="3.222" classname="Frenzy_Web.Premios"/>
  <testcase name="Categorias_Test" time="30.036" classname="Frenzy_Web.Premios"/>
  <testcase name="QueEsFrenzy" time="4.490" classname="Frenzy_Web.Premios"/>
  <testcase name="Bits_Test" time="71.723" classname="Frenzy_Web.Premios"/>
  <testcase name="Premios_Test" time="2.924" classname="Frenzy_Web.Premios"/>
</testsuite> <!-- Frenzy_Web.Premios -->
