<?xml version="1.0" encoding="UTF-8"?>
<!-- Generated by org.testng.reporters.JUnitReportReporter -->
<testsuite skipped="0" hostname="Cognits-1" name="Frenzy_Web.Bits" tests="8" failures="0" timestamp="04 oct 2017 18:25:08 GMT" time="135.327" errors="0">
  <testcase name="OpenBrowser" time="3.881" classname="Frenzy_Web.Bits"/>
  <testcase name="Test_SignUp" time="9.349" classname="Frenzy_Web.Bits"/>
  <testcase name="LoginUser" time="3.225" classname="Frenzy_Web.Bits"/>
  <testcase name="NavbarTest" time="5.790" classname="Frenzy_Web.Bits"/>
  <testcase name="buttonsHome" time="3.403" classname="Frenzy_Web.Bits"/>
  <testcase name="Categorias_Test" time="33.575" classname="Frenzy_Web.Bits"/>
  <testcase name="QueEsFrenzy" time="4.320" classname="Frenzy_Web.Bits"/>
  <testcase name="Bits_Test" time="71.784" classname="Frenzy_Web.Bits"/>
</testsuite> <!-- Frenzy_Web.Bits -->
