<?xml version="1.0" encoding="UTF-8"?>
<!-- Generated by org.testng.reporters.JUnitReportReporter -->
<testsuite skipped="0" hostname="Cognits-1" name="Frenzy_Web.PlayStore_and_Appstore" tests="10" failures="0" timestamp="04 oct 2017 20:56:51 GMT" time="132.590" errors="0">
  <testcase name="OpenBrowser" time="3.930" classname="Frenzy_Web.PlayStore_and_Appstore"/>
  <testcase name="Test_SignUp" time="9.358" classname="Frenzy_Web.PlayStore_and_Appstore"/>
  <testcase name="LoginUser" time="3.292" classname="Frenzy_Web.PlayStore_and_Appstore"/>
  <testcase name="NavbarTest" time="5.742" classname="Frenzy_Web.PlayStore_and_Appstore"/>
  <testcase name="buttonsHome" time="3.638" classname="Frenzy_Web.PlayStore_and_Appstore"/>
  <testcase name="Categorias_Test" time="28.566" classname="Frenzy_Web.PlayStore_and_Appstore"/>
  <testcase name="QueEsFrenzy" time="4.208" classname="Frenzy_Web.PlayStore_and_Appstore"/>
  <testcase name="Bits_Test" time="70.477" classname="Frenzy_Web.PlayStore_and_Appstore"/>
  <testcase name="Premios_Test" time="2.897" classname="Frenzy_Web.PlayStore_and_Appstore"/>
  <testcase name="Buttons_PlayStore_and_AppStore" time="0.482" classname="Frenzy_Web.PlayStore_and_Appstore"/>
</testsuite> <!-- Frenzy_Web.PlayStore_and_Appstore -->
