<?xml version="1.0" encoding="UTF-8"?>
<!-- Generated by org.testng.reporters.JUnitReportReporter -->
<testsuite skipped="0" hostname="Cognits-1" name="Frenzy_Web.Test_Buttons_Home" tests="5" failures="0" timestamp="03 oct 2017 20:52:04 GMT" time="24.724" errors="0">
  <testcase name="OpenBrowser" time="6.171" classname="Frenzy_Web.Test_Buttons_Home"/>
  <testcase name="Test_SignUp" time="4.082" classname="Frenzy_Web.Test_Buttons_Home"/>
  <testcase name="LoginUser" time="3.008" classname="Frenzy_Web.Test_Buttons_Home"/>
  <testcase name="NavbarTest" time="8.087" classname="Frenzy_Web.Test_Buttons_Home"/>
  <testcase name="buttonsHome" time="3.376" classname="Frenzy_Web.Test_Buttons_Home"/>
</testsuite> <!-- Frenzy_Web.Test_Buttons_Home -->
