<?xml version="1.0" encoding="UTF-8"?>
<!-- Generated by org.testng.reporters.JUnitReportReporter -->
<testsuite skipped="0" hostname="Cognits-1" name="Frenzy_Web.Chilis" tests="10" failures="0" timestamp="04 oct 2017 16:46:02 GMT" time="58.107" errors="0">
  <testcase name="OpenBrowser" time="12.970" classname="Frenzy_Web.Chilis"/>
  <testcase name="Test_SignUp" time="6.554" classname="Frenzy_Web.Chilis"/>
  <testcase name="LoginUser" time="3.231" classname="Frenzy_Web.Chilis"/>
  <testcase name="NavbarTest" time="26.259" classname="Frenzy_Web.Chilis"/>
  <testcase name="buttonsHome" time="3.422" classname="Frenzy_Web.Chilis"/>
  <testcase name="Test_Supermercado" time="0.717" classname="Frenzy_Web.Chilis"/>
  <testcase name="Test_Restaurantes" time="0.185" classname="Frenzy_Web.Chilis"/>
  <testcase name="Test_Puerto_15" time="3.769" classname="Frenzy_Web.Chilis"/>
  <testcase name="Don_Taco_Fieston" time="0.483" classname="Frenzy_Web.Chilis"/>
  <testcase name="ChilisTest" time="0.517" classname="Frenzy_Web.Chilis"/>
</testsuite> <!-- Frenzy_Web.Chilis -->
