<?xml version="1.0" encoding="UTF-8"?>
<!-- Generated by org.testng.reporters.JUnitReportReporter -->
<testsuite skipped="0" hostname="Cognits-1" name="Frenzy_Web.Categoria_Restaurantes" tests="7" failures="0" timestamp="03 oct 2017 21:34:54 GMT" time="28.520" errors="0">
  <testcase name="OpenBrowser" time="5.524" classname="Frenzy_Web.Categoria_Restaurantes"/>
  <testcase name="Test_SignUp" time="7.406" classname="Frenzy_Web.Categoria_Restaurantes"/>
  <testcase name="LoginUser" time="3.310" classname="Frenzy_Web.Categoria_Restaurantes"/>
  <testcase name="NavbarTest" time="7.838" classname="Frenzy_Web.Categoria_Restaurantes"/>
  <testcase name="buttonsHome" time="3.429" classname="Frenzy_Web.Categoria_Restaurantes"/>
  <testcase name="Test_Supermercado" time="0.757" classname="Frenzy_Web.Categoria_Restaurantes"/>
  <testcase name="Test_Restaurantes" time="0.256" classname="Frenzy_Web.Categoria_Restaurantes"/>
</testsuite> <!-- Frenzy_Web.Categoria_Restaurantes -->
