<?xml version="1.0" encoding="UTF-8"?>
<!-- Generated by org.testng.reporters.JUnitReportReporter -->
<testsuite skipped="0" hostname="Cognits-1" name="Frenzy_Web.Categoria_Supermercado" tests="6" failures="0" timestamp="03 oct 2017 21:22:02 GMT" time="28.505" errors="0">
  <testcase name="OpenBrowser" time="5.714" classname="Frenzy_Web.Categoria_Supermercado"/>
  <testcase name="Test_SignUp" time="7.035" classname="Frenzy_Web.Categoria_Supermercado"/>
  <testcase name="LoginUser" time="3.231" classname="Frenzy_Web.Categoria_Supermercado"/>
  <testcase name="NavbarTest" time="7.922" classname="Frenzy_Web.Categoria_Supermercado"/>
  <testcase name="buttonsHome" time="3.876" classname="Frenzy_Web.Categoria_Supermercado"/>
  <testcase name="Supermercado" time="0.727" classname="Frenzy_Web.Categoria_Supermercado"/>
</testsuite> <!-- Frenzy_Web.Categoria_Supermercado -->
