<?xml version="1.0" encoding="UTF-8"?>
<!-- Generated by org.testng.reporters.JUnitReportReporter -->
<testsuite skipped="0" hostname="Cognits-1" name="Frenzy_Web.Footer" tests="11" failures="0" timestamp="04 oct 2017 21:10:43 GMT" time="134.715" errors="0">
  <testcase name="OpenBrowser" time="3.845" classname="Frenzy_Web.Footer"/>
  <testcase name="Test_SignUp" time="9.764" classname="Frenzy_Web.Footer"/>
  <testcase name="LoginUser" time="2.999" classname="Frenzy_Web.Footer"/>
  <testcase name="NavbarTest" time="5.742" classname="Frenzy_Web.Footer"/>
  <testcase name="buttonsHome" time="3.292" classname="Frenzy_Web.Footer"/>
  <testcase name="Categorias_Test" time="28.875" classname="Frenzy_Web.Footer"/>
  <testcase name="QueEsFrenzy" time="4.357" classname="Frenzy_Web.Footer"/>
  <testcase name="Bits_Test" time="71.195" classname="Frenzy_Web.Footer"/>
  <testcase name="Premios_Test" time="2.922" classname="Frenzy_Web.Footer"/>
  <testcase name="Buttons_PlayStore_and_AppStore" time="0.603" classname="Frenzy_Web.Footer"/>
  <testcase name="Footer_Test" time="1.121" classname="Frenzy_Web.Footer"/>
</testsuite> <!-- Frenzy_Web.Footer -->
