<?xml version="1.0" encoding="UTF-8"?>
<!-- Generated by org.testng.reporters.JUnitReportReporter -->
<testsuite skipped="0" hostname="Cognits-1" name="Frenzy_Web.Astoria" tests="19" failures="0" timestamp="04 oct 2017 17:23:28 GMT" time="38.075" errors="0">
  <testcase name="OpenBrowser" time="8.357" classname="Frenzy_Web.Astoria"/>
  <testcase name="Test_SignUp" time="7.296" classname="Frenzy_Web.Astoria"/>
  <testcase name="LoginUser" time="3.104" classname="Frenzy_Web.Astoria"/>
  <testcase name="NavbarTest" time="5.778" classname="Frenzy_Web.Astoria"/>
  <testcase name="buttonsHome" time="5.004" classname="Frenzy_Web.Astoria"/>
  <testcase name="Test_Supermercado" time="0.787" classname="Frenzy_Web.Astoria"/>
  <testcase name="Test_Restaurantes" time="0.144" classname="Frenzy_Web.Astoria"/>
  <testcase name="Test_Puerto_15" time="2.132" classname="Frenzy_Web.Astoria"/>
  <testcase name="Don_Taco_Fieston" time="0.496" classname="Frenzy_Web.Astoria"/>
  <testcase name="ChilisTest" time="0.519" classname="Frenzy_Web.Astoria"/>
  <testcase name="juicebox_Test" time="0.520" classname="Frenzy_Web.Astoria"/>
  <testcase name="TreFratelli_Test" time="0.483" classname="Frenzy_Web.Astoria"/>
  <testcase name="SushiArt_Test" time="0.505" classname="Frenzy_Web.Astoria"/>
  <testcase name="Cinnabon_Test" time="0.532" classname="Frenzy_Web.Astoria"/>
  <testcase name="Lizarran_Test" time="0.517" classname="Frenzy_Web.Astoria"/>
  <testcase name="f" time="0.470" classname="Frenzy_Web.Astoria"/>
  <testcase name="Patatafrites_Test" time="0.474" classname="Frenzy_Web.Astoria"/>
  <testcase name="MrSushi_Test" time="0.491" classname="Frenzy_Web.Astoria"/>
  <testcase name="Astoria_Test" time="0.466" classname="Frenzy_Web.Astoria"/>
</testsuite> <!-- Frenzy_Web.Astoria -->
