<?xml version="1.0" encoding="UTF-8"?>
<!-- Generated by org.testng.reporters.JUnitReportReporter -->
<testsuite skipped="0" hostname="Cognits-1" name="Frenzy_Web.Categorias" tests="6" failures="0" timestamp="04 oct 2017 20:53:50 GMT" time="52.584" errors="0">
  <testcase name="OpenBrowser" time="3.728" classname="Frenzy_Web.Categorias"/>
  <testcase name="Test_SignUp" time="7.605" classname="Frenzy_Web.Categorias"/>
  <testcase name="LoginUser" time="3.300" classname="Frenzy_Web.Categorias"/>
  <testcase name="NavbarTest" time="6.267" classname="Frenzy_Web.Categorias"/>
  <testcase name="buttonsHome" time="3.303" classname="Frenzy_Web.Categorias"/>
  <testcase name="Categorias_Test" time="28.381" classname="Frenzy_Web.Categorias"/>
</testsuite> <!-- Frenzy_Web.Categorias -->
