<?xml version="1.0" encoding="UTF-8"?>
<!-- Generated by org.testng.reporters.JUnitReportReporter -->
<testsuite skipped="0" hostname="Cognits-1" name="Frenzy_Web.Navbar" tests="4" failures="0" timestamp="03 oct 2017 20:19:53 GMT" time="20.358" errors="0">
  <testcase name="OpenBrowser" time="5.551" classname="Frenzy_Web.Navbar"/>
  <testcase name="Test_SignUp" time="3.860" classname="Frenzy_Web.Navbar"/>
  <testcase name="LoginUser" time="3.237" classname="Frenzy_Web.Navbar"/>
  <testcase name="NavbarTest" time="7.710" classname="Frenzy_Web.Navbar"/>
</testsuite> <!-- Frenzy_Web.Navbar -->
