<?xml version="1.0" encoding="UTF-8"?>
<!-- Generated by org.testng.reporters.JUnitReportReporter -->
<testsuite skipped="0" hostname="Cognits-1" name="Frenzy_Web.Puerto_15" tests="8" failures="0" timestamp="04 oct 2017 16:39:13 GMT" time="27.477" errors="0">
  <testcase name="OpenBrowser" time="4.928" classname="Frenzy_Web.Puerto_15"/>
  <testcase name="Test_SignUp" time="5.501" classname="Frenzy_Web.Puerto_15"/>
  <testcase name="LoginUser" time="3.317" classname="Frenzy_Web.Puerto_15"/>
  <testcase name="NavbarTest" time="7.855" classname="Frenzy_Web.Puerto_15"/>
  <testcase name="buttonsHome" time="3.437" classname="Frenzy_Web.Puerto_15"/>
  <testcase name="Test_Supermercado" time="0.728" classname="Frenzy_Web.Puerto_15"/>
  <testcase name="Test_Restaurantes" time="0.152" classname="Frenzy_Web.Puerto_15"/>
  <testcase name="Test_Puerto_15" time="1.559" classname="Frenzy_Web.Puerto_15"/>
</testsuite> <!-- Frenzy_Web.Puerto_15 -->
