<?xml version="1.0" encoding="UTF-8"?>
<!-- Generated by org.testng.reporters.JUnitReportReporter -->
<testsuite skipped="0" hostname="Cognits-1" name="Frenzy_Web.DonTacoFieston" tests="9" failures="0" timestamp="04 oct 2017 16:40:38 GMT" time="59.084" errors="0">
  <testcase name="OpenBrowser" time="5.124" classname="Frenzy_Web.DonTacoFieston"/>
  <testcase name="Test_SignUp" time="7.626" classname="Frenzy_Web.DonTacoFieston"/>
  <testcase name="LoginUser" time="3.213" classname="Frenzy_Web.DonTacoFieston"/>
  <testcase name="NavbarTest" time="23.135" classname="Frenzy_Web.DonTacoFieston"/>
  <testcase name="buttonsHome" time="17.549" classname="Frenzy_Web.DonTacoFieston"/>
  <testcase name="Test_Supermercado" time="0.779" classname="Frenzy_Web.DonTacoFieston"/>
  <testcase name="Test_Restaurantes" time="0.147" classname="Frenzy_Web.DonTacoFieston"/>
  <testcase name="Test_Puerto_15" time="1.012" classname="Frenzy_Web.DonTacoFieston"/>
  <testcase name="Don_Taco_Fieston" time="0.499" classname="Frenzy_Web.DonTacoFieston"/>
</testsuite> <!-- Frenzy_Web.DonTacoFieston -->
