<?xml version="1.0" encoding="UTF-8"?>
<!-- Generated by org.testng.reporters.JUnitReportReporter -->
<testsuite skipped="0" hostname="Cognits-1" name="Frenzy_Web.Login" tests="3" failures="0" timestamp="03 oct 2017 19:32:52 GMT" time="12.650" errors="0">
  <testcase name="OpenBrowser" time="5.657" classname="Frenzy_Web.Login"/>
  <testcase name="Test_SignUp" time="3.785" classname="Frenzy_Web.Login"/>
  <testcase name="LoginUser" time="3.208" classname="Frenzy_Web.Login"/>
</testsuite> <!-- Frenzy_Web.Login -->
