<?xml version="1.0" encoding="UTF-8"?>
<!-- Generated by org.testng.reporters.JUnitReportReporter -->
<testsuite skipped="0" hostname="Cognits-1" name="Frenzy_Web.Que_Es_Frenzy" tests="7" failures="0" timestamp="04 oct 2017 18:10:51 GMT" time="62.135" errors="0">
  <testcase name="OpenBrowser" time="3.991" classname="Frenzy_Web.Que_Es_Frenzy"/>
  <testcase name="Test_SignUp" time="11.161" classname="Frenzy_Web.Que_Es_Frenzy"/>
  <testcase name="LoginUser" time="2.958" classname="Frenzy_Web.Que_Es_Frenzy"/>
  <testcase name="NavbarTest" time="5.811" classname="Frenzy_Web.Que_Es_Frenzy"/>
  <testcase name="buttonsHome" time="3.425" classname="Frenzy_Web.Que_Es_Frenzy"/>
  <testcase name="Categorias_Test" time="30.422" classname="Frenzy_Web.Que_Es_Frenzy"/>
  <testcase name="QueEsFrenzy" time="4.367" classname="Frenzy_Web.Que_Es_Frenzy"/>
</testsuite> <!-- Frenzy_Web.Que_Es_Frenzy -->
