<?xml version="1.0" encoding="UTF-8"?>
<!-- Generated by org.testng.reporters.JUnitReportReporter -->
<testsuite skipped="0" hostname="Cognits-1" name="Frenzy_Web.Sushi_Art" tests="13" failures="0" timestamp="04 oct 2017 16:56:50 GMT" time="31.440" errors="0">
  <testcase name="OpenBrowser" time="6.209" classname="Frenzy_Web.Sushi_Art"/>
  <testcase name="Test_SignUp" time="6.554" classname="Frenzy_Web.Sushi_Art"/>
  <testcase name="LoginUser" time="2.976" classname="Frenzy_Web.Sushi_Art"/>
  <testcase name="NavbarTest" time="5.771" classname="Frenzy_Web.Sushi_Art"/>
  <testcase name="buttonsHome" time="3.451" classname="Frenzy_Web.Sushi_Art"/>
  <testcase name="Test_Supermercado" time="0.691" classname="Frenzy_Web.Sushi_Art"/>
  <testcase name="Test_Restaurantes" time="0.141" classname="Frenzy_Web.Sushi_Art"/>
  <testcase name="Test_Puerto_15" time="3.113" classname="Frenzy_Web.Sushi_Art"/>
  <testcase name="Don_Taco_Fieston" time="0.470" classname="Frenzy_Web.Sushi_Art"/>
  <testcase name="ChilisTest" time="0.473" classname="Frenzy_Web.Sushi_Art"/>
  <testcase name="juicebox_Test" time="0.539" classname="Frenzy_Web.Sushi_Art"/>
  <testcase name="TreFratelli_Test" time="0.484" classname="Frenzy_Web.Sushi_Art"/>
  <testcase name="SushiArt_Test" time="0.568" classname="Frenzy_Web.Sushi_Art"/>
</testsuite> <!-- Frenzy_Web.Sushi_Art -->
