<?xml version="1.0" encoding="UTF-8"?>
<!-- Generated by org.testng.reporters.JUnitReportReporter -->
<testsuite skipped="0" hostname="Cognits-1" name="Frenzy_Web.SignUp" tests="1" failures="0" timestamp="03 oct 2017 19:25:57 GMT" time="5.521" errors="0">
  <testcase name="OpenBrowser" time="5.521" classname="Frenzy_Web.SignUp"/>
</testsuite> <!-- Frenzy_Web.SignUp -->
