<?xml version="1.0" encoding="UTF-8"?>
<!-- Generated by org.testng.reporters.JUnitReportReporter -->
<testsuite skipped="0" hostname="Cognits-1" name="Package_1.Login_Test" tests="1" failures="0" timestamp="18 sep 2017 17:36:17 GMT" time="9.863" errors="0">
  <testcase name="LoginTest" time="9.863" classname="Package_1.Login_Test"/>
</testsuite> <!-- Package_1.Login_Test -->
